# JRE version: Java(TM) SE Runtime Environment (17.0.10+11) (build 17.0.10+11-LTS-240)
# Java VM: Java HotSpot(TM) 64-Bit Server VM (17.0.10+11-LTS-240, mixed mode, sharing, tiered, compressed oops, compressed class ptrs, g1 gc, windows-amd64)
GC Precious Log:
 CPUs: 4 total, 4 available
 Memory: 3526M
 Large Page Support: Disabled
 NUMA Support: Disabled
 Compressed Oops: Enabled (32-bit)
 Heap Region Size: 1M
 Heap Min Capacity: 8M
 Heap Initial Capacity: 56M
 Heap Max Capacity: 882M
 Pre-touch: Disabled
 Parallel Workers: 4
 Concurrent Workers: 1
 Concurrent Refinement Workers: 4
 Periodic GC: Disabled
Heap:
 garbage-first heap   total 55296K, used 29684K [0x00000000c8e00000, 0x0000000100000000)
  region size 1024K, 15 young (15360K), 1 survivors (1024K)
 Metaspace       used 27458K, committed 27840K, reserved 1114112K
  class space    used 3635K, committed 3840K, reserved 1048576K
GC Heap History (16 events):
Event: 1.074 GC heap before
{Heap before GC invocations=0 (full 0):
 garbage-first heap   total 57344K, used 13312K [0x00000000c8e00000, 0x0000000100000000)
  region size 1024K, 13 young (13312K), 0 survivors (0K)
 Metaspace       used 2998K, committed 3200K, reserved 1114112K
  class space    used 308K, committed 448K, reserved 1048576K
}
Event: 1.083 GC heap after
{Heap after GC invocations=1 (full 0):
 garbage-first heap   total 57344K, used 6219K [0x00000000c8e00000, 0x0000000100000000)
  region size 1024K, 2 young (2048K), 2 survivors (2048K)
 Metaspace       used 2998K, committed 3200K, reserved 1114112K
  class space    used 308K, committed 448K, reserved 1048576K
}
Event: 2.416 GC heap before
{Heap before GC invocations=1 (full 0):
 garbage-first heap   total 57344K, used 17483K [0x00000000c8e00000, 0x0000000100000000)
  region size 1024K, 14 young (14336K), 2 survivors (2048K)
 Metaspace       used 6286K, committed 6464K, reserved 1114112K
  class space    used 768K, committed 832K, reserved 1048576K
}
Event: 2.424 GC heap after
{Heap after GC invocations=2 (full 0):
 garbage-first heap   total 57344K, used 7347K [0x00000000c8e00000, 0x0000000100000000)
  region size 1024K, 1 young (1024K), 1 survivors (1024K)
 Metaspace       used 6286K, committed 6464K, reserved 1114112K
  class space    used 768K, committed 832K, reserved 1048576K
}
Event: 4.438 GC heap before
{Heap before GC invocations=2 (full 0):
 garbage-first heap   total 57344K, used 25779K [0x00000000c8e00000, 0x0000000100000000)
  region size 1024K, 19 young (19456K), 1 survivors (1024K)
 Metaspace       used 10372K, committed 10560K, reserved 1114112K
  class space    used 1329K, committed 1408K, reserved 1048576K
}
Event: 4.443 GC heap after
{Heap after GC invocations=3 (full 0):
 garbage-first heap   total 57344K, used 8371K [0x00000000c8e00000, 0x0000000100000000)
  region size 1024K, 2 young (2048K), 2 survivors (2048K)
 Metaspace       used 10372K, committed 10560K, reserved 1114112K
  class space    used 1329K, committed 1408K, reserved 1048576K
}
Event: 6.624 GC heap before
{Heap before GC invocations=3 (full 0):
 garbage-first heap   total 57344K, used 33971K [0x00000000c8e00000, 0x0000000100000000)
  region size 1024K, 28 young (28672K), 2 survivors (2048K)
 Metaspace       used 15876K, committed 16064K, reserved 1114112K
  class space    used 2010K, committed 2112K, reserved 1048576K
}
Event: 6.631 GC heap after
{Heap after GC invocations=4 (full 0):
 garbage-first heap   total 57344K, used 10493K [0x00000000c8e00000, 0x0000000100000000)
  region size 1024K, 4 young (4096K), 4 survivors (4096K)
 Metaspace       used 15876K, committed 16064K, reserved 1114112K
  class space    used 2010K, committed 2112K, reserved 1048576K
}
Event: 9.577 GC heap before
{Heap before GC invocations=4 (full 0):
 garbage-first heap   total 57344K, used 38141K [0x00000000c8e00000, 0x0000000100000000)
  region size 1024K, 31 young (31744K), 4 survivors (4096K)
 Metaspace       used 20335K, committed 20608K, reserved 1114112K
  class space    used 2586K, committed 2688K, reserved 1048576K
}
Event: 9.590 GC heap after
{Heap after GC invocations=5 (full 0):
 garbage-first heap   total 57344K, used 13476K [0x00000000c8e00000, 0x0000000100000000)
  region size 1024K, 3 young (3072K), 3 survivors (3072K)
 Metaspace       used 20335K, committed 20608K, reserved 1114112K
  class space    used 2586K, committed 2688K, reserved 1048576K
}
Event: 10.114 GC heap before
{Heap before GC invocations=5 (full 0):
 garbage-first heap   total 57344K, used 21668K [0x00000000c8e00000, 0x0000000100000000)
  region size 1024K, 12 young (12288K), 3 survivors (3072K)
 Metaspace       used 21270K, committed 21504K, reserved 1114112K
  class space    used 2709K, committed 2816K, reserved 1048576K
}
Event: 10.124 GC heap after
{Heap after GC invocations=6 (full 0):
 garbage-first heap   total 57344K, used 14492K [0x00000000c8e00000, 0x0000000100000000)
  region size 1024K, 1 young (1024K), 1 survivors (1024K)
 Metaspace       used 21270K, committed 21504K, reserved 1114112K
  class space    used 2709K, committed 2816K, reserved 1048576K
}
Event: 12.249 GC heap before
{Heap before GC invocations=7 (full 0):
 garbage-first heap   total 55296K, used 40092K [0x00000000c8e00000, 0x0000000100000000)
  region size 1024K, 26 young (26624K), 1 survivors (1024K)
 Metaspace       used 25089K, committed 25472K, reserved 1114112K
  class space    used 3251K, committed 3456K, reserved 1048576K
}
Event: 12.262 GC heap after
{Heap after GC invocations=8 (full 0):
 garbage-first heap   total 55296K, used 16146K [0x00000000c8e00000, 0x0000000100000000)
  region size 1024K, 3 young (3072K), 3 survivors (3072K)
 Metaspace       used 25089K, committed 25472K, reserved 1114112K
  class space    used 3251K, committed 3456K, reserved 1048576K
}
Event: 12.373 GC heap before
{Heap before GC invocations=8 (full 0):
 garbage-first heap   total 55296K, used 17170K [0x00000000c8e00000, 0x0000000100000000)
  region size 1024K, 4 young (4096K), 3 survivors (3072K)
 Metaspace       used 25231K, committed 25600K, reserved 1114112K
  class space    used 3270K, committed 3456K, reserved 1048576K
}
Event: 12.380 GC heap after
{Heap after GC invocations=9 (full 0):
 garbage-first heap   total 55296K, used 16372K [0x00000000c8e00000, 0x0000000100000000)
  region size 1024K, 1 young (1024K), 1 survivors (1024K)
 Metaspace       used 25231K, committed 25600K, reserved 1114112K
  class space    used 3270K, committed 3456K, reserved 1048576K
}

